app/build/outputs/logs/manifest-merger-demo-debug-report.txt
-- Merging decision tree log ---
manifest
ADDED from src/main/AndroidManifest.xml:2:1-224:12
	package
		ADDED from src/main/AndroidManifest.xml:3:11-36
		INJECTED from src/main/AndroidManifest.xml
		INJECTED from src/main/AndroidManifest.xml
	android:versionName
		INJECTED from src/main/AndroidManifest.xml
		INJECTED from src/main/AndroidManifest.xml
	xmlns:android
		ADDED from src/main/AndroidManifest.xml:2:11-69
uses-permission#android.permission.CAMERA
ADDED from src/main/AndroidManifest.xml:5:5-64
	android:name
		ADDED from src/main/AndroidManifest.xml:5:22-62
uses-permission#android.permission.INTERNET
ADDED from src/main/AndroidManifest.xml:6:5-66
MERGED from [com.google.firebase:firebase-crash:11.4.2] AndroidManifest.xml:18:5-66
MERGED from [com.google.firebase:firebase-analytics:11.4.2] AndroidManifest.xml:20:5-66
MERGED from [com.google.firebase:firebase-analytics-impl:11.4.2] AndroidManifest.xml:20:5-66
MERGED from [com.google.firebase:firebase-iid:11.4.2] AndroidManifest.xml:20:5-66
	android:name
		ADDED from src/main/AndroidManifest.xml:6:22-64
uses-permission#android.permission.WAKE_LOCK
ADDED from src/main/AndroidManifest.xml:7:5-67
MERGED from [com.google.firebase:firebase-analytics:11.4.2] AndroidManifest.xml:22:5-67
MERGED from [com.google.firebase:firebase-analytics-impl:11.4.2] AndroidManifest.xml:22:5-67
MERGED from [com.google.firebase:firebase-iid:11.4.2] AndroidManifest.xml:21:5-67
	android:name
		ADDED from src/main/AndroidManifest.xml:7:22-65
uses-permission#android.permission.WRITE_EXTERNAL_STORAGE
ADDED from src/main/AndroidManifest.xml:8:5-80
	android:name
		ADDED from src/main/AndroidManifest.xml:8:22-78
uses-permission#android.permission.WRITE_INTERNAL_STORAGE
ADDED from src/main/AndroidManifest.xml:9:5-80
	android:name
		ADDED from src/main/AndroidManifest.xml:9:22-78
uses-permission#android.permission.READ_EXTERNAL_STORAGE
ADDED from src/main/AndroidManifest.xml:10:5-79
	android:name
		ADDED from src/main/AndroidManifest.xml:10:22-77
uses-permission#android.permission.ACCESS_NETWORK_STATE
ADDED from src/main/AndroidManifest.xml:11:5-78
MERGED from [com.google.firebase:firebase-analytics:11.4.2] AndroidManifest.xml:21:5-78
MERGED from [com.google.firebase:firebase-analytics-impl:11.4.2] AndroidManifest.xml:21:5-78
MERGED from [com.google.firebase:firebase-iid:11.4.2] AndroidManifest.xml:19:5-78
	android:name
		ADDED from src/main/AndroidManifest.xml:11:22-76
uses-permission#android.permission.USE_FINGERPRINT
ADDED from src/main/AndroidManifest.xml:12:5-73
	android:name
		ADDED from src/main/AndroidManifest.xml:12:22-71
uses-permission#android.permission.SEND_SMS
ADDED from src/main/AndroidManifest.xml:13:5-66
	android:name
		ADDED from src/main/AndroidManifest.xml:13:22-64
uses-permission#android.permission.ACCESS_FINE_LOCATION
ADDED from src/main/AndroidManifest.xml:14:5-78
	android:name
		ADDED from src/main/AndroidManifest.xml:14:22-76
uses-permission#android.permission.ACCESS_COARSE_LOCATION
ADDED from src/main/AndroidManifest.xml:15:5-80
	android:name
		ADDED from src/main/AndroidManifest.xml:15:22-78
uses-permission#android.permission.BIND_JOB_SERVICE
ADDED from src/main/AndroidManifest.xml:16:5-74
	android:name
		ADDED from src/main/AndroidManifest.xml:16:22-72
uses-feature#android.hardware.location.gps
ADDED from src/main/AndroidManifest.xml:18:5-20:35
	android:required
		ADDED from src/main/AndroidManifest.xml:20:9-33
	android:name
		ADDED from src/main/AndroidManifest.xml:19:9-53
uses-feature#android.hardware.location.network
ADDED from src/main/AndroidManifest.xml:21:5-23:35
	android:required
		ADDED from src/main/AndroidManifest.xml:23:9-33
	android:name
		ADDED from src/main/AndroidManifest.xml:22:9-57
uses-feature#android.hardware.telephony
ADDED from src/main/AndroidManifest.xml:24:5-26:35
	android:required
		ADDED from src/main/AndroidManifest.xml:26:9-33
	android:name
		ADDED from src/main/AndroidManifest.xml:25:9-50
uses-feature#android.hardware.camera
ADDED from src/main/AndroidManifest.xml:27:5-29:34
	android:required
		ADDED from src/main/AndroidManifest.xml:29:9-32
	android:name
		ADDED from src/main/AndroidManifest.xml:28:9-47
uses-feature#android.hardware.camera.autofocus
ADDED from src/main/AndroidManifest.xml:30:5-32:35
	android:required
		ADDED from src/main/AndroidManifest.xml:32:9-33
	android:name
		ADDED from src/main/AndroidManifest.xml:31:9-57
application
ADDED from src/main/AndroidManifest.xml:34:5-222:19
MERGED from [com.android.support:design:25.3.1] AndroidManifest.xml:29:5-20
MERGED from [com.android.support:appcompat-v7:25.3.1] AndroidManifest.xml:29:5-20
MERGED from [com.android.support:animated-vector-drawable:25.3.1] AndroidManifest.xml:26:5-20
MERGED from [com.android.support:support-vector-drawable:25.3.1] AndroidManifest.xml:26:5-20
MERGED from [com.android.support:transition:25.3.1] AndroidManifest.xml:26:5-20
MERGED from [com.android.support:gridlayout-v7:25.3.1] AndroidManifest.xml:26:5-20
MERGED from [com.android.support:support-v13:25.3.1] AndroidManifest.xml:29:5-20
MERGED from [com.android.support:cardview-v7:25.3.1] AndroidManifest.xml:26:5-20
MERGED from [com.google.android.gms:play-services-vision:11.4.2] AndroidManifest.xml:4:5-19
MERGED from [com.google.android.gms:play-services-vision-common:11.4.2] AndroidManifest.xml:4:5-19
MERGED from [com.google.android.gms:play-services-base:11.4.2] AndroidManifest.xml:18:5-20:19
MERGED from [com.google.android.gms:play-services-base-license:11.4.2] AndroidManifest.xml:5:5-20
MERGED from [com.google.android.gms:play-services-vision-common-license:11.4.2] AndroidManifest.xml:5:5-20
MERGED from [com.google.android.gms:play-services-vision-license:11.4.2] AndroidManifest.xml:5:5-20
MERGED from [com.google.firebase:firebase-core:11.4.2] AndroidManifest.xml:5:5-20
MERGED from [com.google.firebase:firebase-crash:11.4.2] AndroidManifest.xml:22:5-23:19
MERGED from [com.google.firebase:firebase-analytics:11.4.2] AndroidManifest.xml:24:5-34:19
MERGED from [com.google.firebase:firebase-analytics-impl:11.4.2] AndroidManifest.xml:24:5-28:19
MERGED from [com.google.firebase:firebase-iid:11.4.2] AndroidManifest.xml:28:5-49:19
MERGED from [com.google.firebase:firebase-iid-license:11.4.2] AndroidManifest.xml:5:5-20
MERGED from [com.google.firebase:firebase-common:11.4.2] AndroidManifest.xml:4:5-7:19
MERGED from [com.google.firebase:firebase-common-license:11.4.2] AndroidManifest.xml:5:5-20
MERGED from [com.google.android.gms:play-services-tasks:11.4.2] AndroidManifest.xml:4:5-19
MERGED from [com.google.android.gms:play-services-basement:11.4.2] AndroidManifest.xml:19:5-21:19
MERGED from [com.android.support:support-v4:25.3.1] AndroidManifest.xml:29:5-20
MERGED from [com.android.support:support-fragment:25.3.1] AndroidManifest.xml:29:5-20
MERGED from [com.android.support:support-media-compat:25.3.1] AndroidManifest.xml:29:5-20
MERGED from [com.android.support:support-core-ui:25.3.1] AndroidManifest.xml:29:5-20
MERGED from [com.android.support:support-core-utils:25.3.1] AndroidManifest.xml:29:5-20
MERGED from [com.android.support:support-compat:25.3.1] AndroidManifest.xml:29:5-20
MERGED from [com.google.android.gms:play-services-basement-license:11.4.2] AndroidManifest.xml:5:5-20
MERGED from [com.google.android.gms:play-services-tasks-license:11.4.2] AndroidManifest.xml:5:5-20
MERGED from [com.google.firebase:firebase-analytics-impl-license:11.4.2] AndroidManifest.xml:5:5-20
MERGED from [com.google.firebase:firebase-analytics-license:11.4.2] AndroidManifest.xml:5:5-20
MERGED from [com.android.support.constraint:constraint-layout:1.0.2] AndroidManifest.xml:9:5-20
	android:label
		ADDED from src/main/AndroidManifest.xml:39:9-41
	android:supportsRtl
		ADDED from src/main/AndroidManifest.xml:41:9-35
	android:fullBackupContent
		ADDED from src/main/AndroidManifest.xml:37:9-42
	android:windowSoftInputMode
		ADDED from src/main/AndroidManifest.xml:43:9-61
	android:allowBackup
		ADDED from src/main/AndroidManifest.xml:36:9-36
	android:icon
		ADDED from src/main/AndroidManifest.xml:38:9-43
	android:largeHeap
		ADDED from src/main/AndroidManifest.xml:40:9-33
	android:theme
		ADDED from src/main/AndroidManifest.xml:42:9-40
	android:name
		ADDED from src/main/AndroidManifest.xml:35:9-33
activity#com.breadwallet.presenter.activities.intro.IntroActivity
ADDED from src/main/AndroidManifest.xml:46:9-56:20
	android:screenOrientation
		ADDED from src/main/AndroidManifest.xml:50:13-49
	android:label
		ADDED from src/main/AndroidManifest.xml:48:13-45
	android:launchMode
		ADDED from src/main/AndroidManifest.xml:49:13-48
	android:name
		ADDED from src/main/AndroidManifest.xml:47:13-69
intent-filter#android.intent.action.MAIN+android.intent.category.LAUNCHER
ADDED from src/main/AndroidManifest.xml:51:13-55:29
	android:autoVerify
		ADDED from src/main/AndroidManifest.xml:51:28-53
action#android.intent.action.MAIN
ADDED from src/main/AndroidManifest.xml:52:17-68
	android:name
		ADDED from src/main/AndroidManifest.xml:52:25-66
category#android.intent.category.LAUNCHER
ADDED from src/main/AndroidManifest.xml:54:17-76
	android:name
		ADDED from src/main/AndroidManifest.xml:54:27-74
activity#com.breadwallet.presenter.activities.BreadActivity
ADDED from src/main/AndroidManifest.xml:57:9-80:20
	android:screenOrientation
		ADDED from src/main/AndroidManifest.xml:61:13-49
	android:label
		ADDED from src/main/AndroidManifest.xml:59:13-45
	android:launchMode
		ADDED from src/main/AndroidManifest.xml:60:13-48
	android:windowSoftInputMode
		ADDED from src/main/AndroidManifest.xml:63:13-52
	android:theme
		ADDED from src/main/AndroidManifest.xml:62:13-44
	android:name
		ADDED from src/main/AndroidManifest.xml:58:13-63
intent-filter#android.intent.action.VIEW+android.intent.category.BROWSABLE+android.intent.category.DEFAULT
ADDED from src/main/AndroidManifest.xml:65:13-72:29
action#android.intent.action.VIEW
ADDED from src/main/AndroidManifest.xml:66:17-68
	android:name
		ADDED from src/main/AndroidManifest.xml:66:25-66
category#android.intent.category.DEFAULT
ADDED from src/main/AndroidManifest.xml:68:17-75
	android:name
		ADDED from src/main/AndroidManifest.xml:68:27-73
category#android.intent.category.BROWSABLE
ADDED from src/main/AndroidManifest.xml:69:17-77
	android:name
		ADDED from src/main/AndroidManifest.xml:69:27-75
data
ADDED from src/main/AndroidManifest.xml:71:17-50
	android:scheme
		ADDED from src/main/AndroidManifest.xml:71:23-48
intent-filter#android.intent.action.SEARCH
ADDED from src/main/AndroidManifest.xml:73:13-75:29
action#android.intent.action.SEARCH
ADDED from src/main/AndroidManifest.xml:74:17-70
	android:name
		ADDED from src/main/AndroidManifest.xml:74:25-68
meta-data#android.app.searchable
ADDED from src/main/AndroidManifest.xml:77:13-79:53
	android:resource
		ADDED from src/main/AndroidManifest.xml:79:17-51
	android:name
		ADDED from src/main/AndroidManifest.xml:78:17-54
activity#com.breadwallet.presenter.activities.SetPinActivity
ADDED from src/main/AndroidManifest.xml:81:9-85:20
	android:screenOrientation
		ADDED from src/main/AndroidManifest.xml:84:13-49
	android:launchMode
		ADDED from src/main/AndroidManifest.xml:83:13-48
	android:name
		ADDED from src/main/AndroidManifest.xml:82:13-64
activity#com.breadwallet.presenter.activities.intro.RecoverActivity
ADDED from src/main/AndroidManifest.xml:86:9-90:20
	android:screenOrientation
		ADDED from src/main/AndroidManifest.xml:89:13-49
	android:launchMode
		ADDED from src/main/AndroidManifest.xml:88:13-48
	android:name
		ADDED from src/main/AndroidManifest.xml:87:13-71
activity#com.breadwallet.presenter.activities.RestoreActivity
ADDED from src/main/AndroidManifest.xml:91:9-95:20
	android:screenOrientation
		ADDED from src/main/AndroidManifest.xml:94:13-49
	android:launchMode
		ADDED from src/main/AndroidManifest.xml:93:13-48
	android:name
		ADDED from src/main/AndroidManifest.xml:92:13-65
activity#com.breadwallet.presenter.activities.ImportActivity
ADDED from src/main/AndroidManifest.xml:96:9-100:20
	android:screenOrientation
		ADDED from src/main/AndroidManifest.xml:99:13-49
	android:launchMode
		ADDED from src/main/AndroidManifest.xml:98:13-48
	android:name
		ADDED from src/main/AndroidManifest.xml:97:13-64
activity#com.breadwallet.presenter.activities.ReEnterPinActivity
ADDED from src/main/AndroidManifest.xml:101:9-105:20
	android:screenOrientation
		ADDED from src/main/AndroidManifest.xml:104:13-49
	android:launchMode
		ADDED from src/main/AndroidManifest.xml:103:13-48
	android:name
		ADDED from src/main/AndroidManifest.xml:102:13-68
activity#com.breadwallet.presenter.activities.UpdatePitActivity
ADDED from src/main/AndroidManifest.xml:106:9-110:20
	android:screenOrientation
		ADDED from src/main/AndroidManifest.xml:109:13-49
	android:launchMode
		ADDED from src/main/AndroidManifest.xml:108:13-48
	android:name
		ADDED from src/main/AndroidManifest.xml:107:13-67
activity#com.breadwallet.presenter.activities.PinActivity
ADDED from src/main/AndroidManifest.xml:111:9-115:20
	android:screenOrientation
		ADDED from src/main/AndroidManifest.xml:114:13-49
	android:launchMode
		ADDED from src/main/AndroidManifest.xml:113:13-48
	android:name
		ADDED from src/main/AndroidManifest.xml:112:13-61
activity#com.breadwallet.presenter.activities.settings.SettingsActivity
ADDED from src/main/AndroidManifest.xml:116:9-120:20
	android:screenOrientation
		ADDED from src/main/AndroidManifest.xml:119:13-49
	android:launchMode
		ADDED from src/main/AndroidManifest.xml:118:13-48
	android:name
		ADDED from src/main/AndroidManifest.xml:117:13-75
activity#com.breadwallet.presenter.activities.settings.NotificationActivity
ADDED from src/main/AndroidManifest.xml:121:9-125:20
	android:screenOrientation
		ADDED from src/main/AndroidManifest.xml:124:13-49
	android:launchMode
		ADDED from src/main/AndroidManifest.xml:123:13-48
	android:name
		ADDED from src/main/AndroidManifest.xml:122:13-79
activity#com.breadwallet.presenter.activities.settings.SyncBlockchainActivity
ADDED from src/main/AndroidManifest.xml:126:9-130:20
	android:screenOrientation
		ADDED from src/main/AndroidManifest.xml:129:13-49
	android:launchMode
		ADDED from src/main/AndroidManifest.xml:128:13-48
	android:name
		ADDED from src/main/AndroidManifest.xml:127:13-81
activity#com.breadwallet.presenter.activities.settings.DisplayCurrencyActivity
ADDED from src/main/AndroidManifest.xml:131:9-135:20
	android:screenOrientation
		ADDED from src/main/AndroidManifest.xml:134:13-49
	android:launchMode
		ADDED from src/main/AndroidManifest.xml:133:13-48
	android:name
		ADDED from src/main/AndroidManifest.xml:132:13-82
activity#com.breadwallet.presenter.activities.settings.AboutActivity
ADDED from src/main/AndroidManifest.xml:136:9-140:20
	android:screenOrientation
		ADDED from src/main/AndroidManifest.xml:139:13-49
	android:launchMode
		ADDED from src/main/AndroidManifest.xml:138:13-48
	android:name
		ADDED from src/main/AndroidManifest.xml:137:13-72
activity#com.breadwallet.presenter.activities.settings.SecurityCenterActivity
ADDED from src/main/AndroidManifest.xml:141:9-145:20
	android:screenOrientation
		ADDED from src/main/AndroidManifest.xml:144:13-49
	android:launchMode
		ADDED from src/main/AndroidManifest.xml:143:13-48
	android:name
		ADDED from src/main/AndroidManifest.xml:142:13-81
activity#com.breadwallet.presenter.activities.settings.ShareDataActivity
ADDED from src/main/AndroidManifest.xml:146:9-150:20
	android:screenOrientation
		ADDED from src/main/AndroidManifest.xml:149:13-49
	android:launchMode
		ADDED from src/main/AndroidManifest.xml:148:13-48
	android:name
		ADDED from src/main/AndroidManifest.xml:147:13-76
activity#com.breadwallet.presenter.activities.intro.WriteDownActivity
ADDED from src/main/AndroidManifest.xml:151:9-155:20
	android:screenOrientation
		ADDED from src/main/AndroidManifest.xml:154:13-49
	android:launchMode
		ADDED from src/main/AndroidManifest.xml:153:13-48
	android:name
		ADDED from src/main/AndroidManifest.xml:152:13-73
activity#com.breadwallet.presenter.activities.PaperKeyActivity
ADDED from src/main/AndroidManifest.xml:156:9-160:20
	android:screenOrientation
		ADDED from src/main/AndroidManifest.xml:159:13-49
	android:launchMode
		ADDED from src/main/AndroidManifest.xml:158:13-48
	android:name
		ADDED from src/main/AndroidManifest.xml:157:13-66
activity#com.breadwallet.presenter.activities.settings.SpendLimitActivity
ADDED from src/main/AndroidManifest.xml:161:9-165:20
	android:screenOrientation
		ADDED from src/main/AndroidManifest.xml:164:13-49
	android:launchMode
		ADDED from src/main/AndroidManifest.xml:163:13-48
	android:name
		ADDED from src/main/AndroidManifest.xml:162:13-77
activity#com.breadwallet.presenter.activities.PaperKeyProveActivity
ADDED from src/main/AndroidManifest.xml:166:9-170:20
	android:screenOrientation
		ADDED from src/main/AndroidManifest.xml:169:13-49
	android:launchMode
		ADDED from src/main/AndroidManifest.xml:168:13-48
	android:name
		ADDED from src/main/AndroidManifest.xml:167:13-71
activity#com.breadwallet.presenter.activities.InputWordsActivity
ADDED from src/main/AndroidManifest.xml:171:9-175:20
	android:screenOrientation
		ADDED from src/main/AndroidManifest.xml:174:13-49
	android:launchMode
		ADDED from src/main/AndroidManifest.xml:173:13-48
	android:name
		ADDED from src/main/AndroidManifest.xml:172:13-68
activity#com.breadwallet.presenter.activities.camera.ScanQRActivity
ADDED from src/main/AndroidManifest.xml:176:9-180:20
	android:screenOrientation
		ADDED from src/main/AndroidManifest.xml:179:13-49
	android:launchMode
		ADDED from src/main/AndroidManifest.xml:178:13-48
	android:name
		ADDED from src/main/AndroidManifest.xml:177:13-71
activity#com.breadwallet.presenter.activities.settings.WebViewActivity
ADDED from src/main/AndroidManifest.xml:181:9-185:20
	android:screenOrientation
		ADDED from src/main/AndroidManifest.xml:184:13-49
	android:launchMode
		ADDED from src/main/AndroidManifest.xml:183:13-48
	android:name
		ADDED from src/main/AndroidManifest.xml:182:13-74
activity#com.breadwallet.presenter.activities.DisabledActivity
ADDED from src/main/AndroidManifest.xml:186:9-190:20
	android:screenOrientation
		ADDED from src/main/AndroidManifest.xml:189:13-49
	android:launchMode
		ADDED from src/main/AndroidManifest.xml:188:13-48
	android:name
		ADDED from src/main/AndroidManifest.xml:187:13-66
activity#com.breadwallet.presenter.activities.settings.FingerprintActivity
ADDED from src/main/AndroidManifest.xml:191:9-195:20
	android:screenOrientation
		ADDED from src/main/AndroidManifest.xml:194:13-49
	android:launchMode
		ADDED from src/main/AndroidManifest.xml:193:13-48
	android:name
		ADDED from src/main/AndroidManifest.xml:192:13-78
activity#com.breadwallet.presenter.activities.settings.AdvancedActivity
ADDED from src/main/AndroidManifest.xml:196:9-200:20
	android:screenOrientation
		ADDED from src/main/AndroidManifest.xml:199:13-49
	android:launchMode
		ADDED from src/main/AndroidManifest.xml:198:13-48
	android:name
		ADDED from src/main/AndroidManifest.xml:197:13-75
activity#com.breadwallet.presenter.activities.settings.WithdrawBchActivity
ADDED from src/main/AndroidManifest.xml:201:9-205:20
	android:screenOrientation
		ADDED from src/main/AndroidManifest.xml:204:13-49
	android:launchMode
		ADDED from src/main/AndroidManifest.xml:203:13-48
	android:name
		ADDED from src/main/AndroidManifest.xml:202:13-78
activity#com.breadwallet.presenter.activities.settings.NodesActivity
ADDED from src/main/AndroidManifest.xml:206:9-210:20
	android:screenOrientation
		ADDED from src/main/AndroidManifest.xml:209:13-49
	android:launchMode
		ADDED from src/main/AndroidManifest.xml:208:13-48
	android:name
		ADDED from src/main/AndroidManifest.xml:207:13-72
activity#com.breadwallet.presenter.activities.camera.CameraActivity
ADDED from src/main/AndroidManifest.xml:211:9-215:20
	android:screenOrientation
		ADDED from src/main/AndroidManifest.xml:214:13-49
	android:launchMode
		ADDED from src/main/AndroidManifest.xml:213:13-48
	android:name
		ADDED from src/main/AndroidManifest.xml:212:13-71
service#com.breadwallet.tools.listeners.SyncReceiver
ADDED from src/main/AndroidManifest.xml:217:9-221:43
	android:enabled
		ADDED from src/main/AndroidManifest.xml:219:13-35
	android:label
		ADDED from src/main/AndroidManifest.xml:221:13-41
	android:exported
		ADDED from src/main/AndroidManifest.xml:220:13-37
	android:name
		ADDED from src/main/AndroidManifest.xml:218:13-57
uses-sdk
INJECTED from src/main/AndroidManifest.xml reason: use-sdk injection requested
MERGED from [com.android.support:design:25.3.1] AndroidManifest.xml:21:5-23:62
MERGED from [com.android.support:appcompat-v7:25.3.1] AndroidManifest.xml:21:5-23:78
MERGED from [com.android.support:animated-vector-drawable:25.3.1] AndroidManifest.xml:20:5-44
MERGED from [com.android.support:support-vector-drawable:25.3.1] AndroidManifest.xml:20:5-43
MERGED from [com.android.support:transition:25.3.1] AndroidManifest.xml:20:5-44
MERGED from [com.android.support:gridlayout-v7:25.3.1] AndroidManifest.xml:20:5-43
MERGED from [com.android.support:support-v13:25.3.1] AndroidManifest.xml:21:5-23:55
MERGED from [com.android.support:recyclerview-v7:25.3.1] AndroidManifest.xml:20:5-43
MERGED from [com.android.support:cardview-v7:25.3.1] AndroidManifest.xml:20:5-43
MERGED from [com.google.android.gms:play-services-vision:11.4.2] AndroidManifest.xml:3:5-43
MERGED from [com.google.android.gms:play-services-vision-common:11.4.2] AndroidManifest.xml:3:5-43
MERGED from [com.google.android.gms:play-services-base:11.4.2] AndroidManifest.xml:17:5-43
MERGED from [com.google.android.gms:play-services-base-license:11.4.2] AndroidManifest.xml:4:5-43
MERGED from [com.google.android.gms:play-services-vision-common-license:11.4.2] AndroidManifest.xml:4:5-43
MERGED from [com.google.android.gms:play-services-vision-license:11.4.2] AndroidManifest.xml:4:5-43
MERGED from [com.google.firebase:firebase-core:11.4.2] AndroidManifest.xml:4:5-43
MERGED from [com.google.firebase:firebase-crash:11.4.2] AndroidManifest.xml:20:5-43
MERGED from [com.google.firebase:firebase-analytics:11.4.2] AndroidManifest.xml:17:5-43
MERGED from [com.google.firebase:firebase-analytics-impl:11.4.2] AndroidManifest.xml:17:5-43
MERGED from [com.google.firebase:firebase-iid:11.4.2] AndroidManifest.xml:17:5-43
MERGED from [com.google.firebase:firebase-iid-license:11.4.2] AndroidManifest.xml:4:5-43
MERGED from [com.google.firebase:firebase-common:11.4.2] AndroidManifest.xml:3:5-43
MERGED from [com.google.firebase:firebase-common-license:11.4.2] AndroidManifest.xml:4:5-43
MERGED from [com.google.android.gms:play-services-tasks:11.4.2] AndroidManifest.xml:3:5-43
MERGED from [com.google.android.gms:play-services-basement:11.4.2] AndroidManifest.xml:17:5-43
MERGED from [com.android.support:support-v4:25.3.1] AndroidManifest.xml:21:5-23:54
MERGED from [com.android.support:support-fragment:25.3.1] AndroidManifest.xml:21:5-23:60
MERGED from [com.android.support:support-media-compat:25.3.1] AndroidManifest.xml:21:5-23:63
MERGED from [com.android.support:support-core-ui:25.3.1] AndroidManifest.xml:21:5-23:58
MERGED from [com.android.support:support-core-utils:25.3.1] AndroidManifest.xml:21:5-23:61
MERGED from [com.android.support:support-compat:25.3.1] AndroidManifest.xml:21:5-23:58
MERGED from [com.google.android.gms:play-services-basement-license:11.4.2] AndroidManifest.xml:4:5-43
MERGED from [com.google.android.gms:play-services-tasks-license:11.4.2] AndroidManifest.xml:4:5-43
MERGED from [com.google.firebase:firebase-analytics-impl-license:11.4.2] AndroidManifest.xml:4:5-43
MERGED from [com.google.firebase:firebase-analytics-license:11.4.2] AndroidManifest.xml:4:5-43
MERGED from [com.android.support.constraint:constraint-layout:1.0.2] AndroidManifest.xml:5:5-7:41
	tools:overrideLibrary
		ADDED from [com.android.support:design:25.3.1] AndroidManifest.xml:23:9-59
	android:targetSdkVersion
		INJECTED from src/main/AndroidManifest.xml
		INJECTED from src/main/AndroidManifest.xml
	android:minSdkVersion
		INJECTED from src/main/AndroidManifest.xml
		INJECTED from src/main/AndroidManifest.xml
meta-data#android.support.VERSION
ADDED from [com.android.support:design:25.3.1] AndroidManifest.xml:25:5-27:34
MERGED from [com.android.support:appcompat-v7:25.3.1] AndroidManifest.xml:25:5-27:34
MERGED from [com.android.support:animated-vector-drawable:25.3.1] AndroidManifest.xml:22:5-24:34
MERGED from [com.android.support:support-vector-drawable:25.3.1] AndroidManifest.xml:22:5-24:34
MERGED from [com.android.support:transition:25.3.1] AndroidManifest.xml:22:5-24:34
MERGED from [com.android.support:gridlayout-v7:25.3.1] AndroidManifest.xml:22:5-24:34
MERGED from [com.android.support:support-v13:25.3.1] AndroidManifest.xml:25:5-27:34
MERGED from [com.android.support:recyclerview-v7:25.3.1] AndroidManifest.xml:22:5-24:34
MERGED from [com.android.support:cardview-v7:25.3.1] AndroidManifest.xml:22:5-24:34
MERGED from [com.android.support:support-v4:25.3.1] AndroidManifest.xml:25:5-27:34
MERGED from [com.android.support:support-fragment:25.3.1] AndroidManifest.xml:25:5-27:34
MERGED from [com.android.support:support-media-compat:25.3.1] AndroidManifest.xml:25:5-27:34
MERGED from [com.android.support:support-core-ui:25.3.1] AndroidManifest.xml:25:5-27:34
MERGED from [com.android.support:support-core-utils:25.3.1] AndroidManifest.xml:25:5-27:34
MERGED from [com.android.support:support-compat:25.3.1] AndroidManifest.xml:25:5-27:34
	android:value
		ADDED from [com.android.support:design:25.3.1] AndroidManifest.xml:27:9-31
	android:name
		ADDED from [com.android.support:design:25.3.1] AndroidManifest.xml:26:9-47
activity#com.google.android.gms.common.api.GoogleApiActivity
ADDED from [com.google.android.gms:play-services-base:11.4.2] AndroidManifest.xml:19:9-172
	android:exported
		ADDED from [com.google.android.gms:play-services-base:11.4.2] AndroidManifest.xml:19:146-170
	android:theme
		ADDED from [com.google.android.gms:play-services-base:11.4.2] AndroidManifest.xml:19:86-145
	android:name
		ADDED from [com.google.android.gms:play-services-base:11.4.2] AndroidManifest.xml:19:19-85
receiver#com.google.android.gms.measurement.AppMeasurementReceiver
ADDED from [com.google.firebase:firebase-analytics:11.4.2] AndroidManifest.xml:25:7-26:18
MERGED from [com.google.firebase:firebase-analytics-impl:11.4.2] AndroidManifest.xml:25:7-26:18
	android:enabled
		ADDED from [com.google.firebase:firebase-analytics:11.4.2] AndroidManifest.xml:25:90-112
	android:exported
		ADDED from [com.google.firebase:firebase-analytics:11.4.2] AndroidManifest.xml:25:113-137
	android:name
		ADDED from [com.google.firebase:firebase-analytics:11.4.2] AndroidManifest.xml:25:17-89
receiver#com.google.android.gms.measurement.AppMeasurementInstallReferrerReceiver
ADDED from [com.google.firebase:firebase-analytics:11.4.2] AndroidManifest.xml:27:7-31:18
	android:enabled
		ADDED from [com.google.firebase:firebase-analytics:11.4.2] AndroidManifest.xml:27:162-184
	android:exported
		ADDED from [com.google.firebase:firebase-analytics:11.4.2] AndroidManifest.xml:27:185-208
	android:permission
		ADDED from [com.google.firebase:firebase-analytics:11.4.2] AndroidManifest.xml:27:105-161
	android:name
		ADDED from [com.google.firebase:firebase-analytics:11.4.2] AndroidManifest.xml:27:17-104
intent-filter#com.android.vending.INSTALL_REFERRER
ADDED from [com.google.firebase:firebase-analytics:11.4.2] AndroidManifest.xml:28:11-30:27
action#com.android.vending.INSTALL_REFERRER
ADDED from [com.google.firebase:firebase-analytics:11.4.2] AndroidManifest.xml:29:15-76
	android:name
		ADDED from [com.google.firebase:firebase-analytics:11.4.2] AndroidManifest.xml:29:23-74
service#com.google.android.gms.measurement.AppMeasurementService
ADDED from [com.google.firebase:firebase-analytics:11.4.2] AndroidManifest.xml:32:7-137
MERGED from [com.google.firebase:firebase-analytics-impl:11.4.2] AndroidManifest.xml:27:7-137
	android:enabled
		ADDED from [com.google.firebase:firebase-analytics:11.4.2] AndroidManifest.xml:32:88-110
	android:exported
		ADDED from [com.google.firebase:firebase-analytics:11.4.2] AndroidManifest.xml:32:111-135
	android:name
		ADDED from [com.google.firebase:firebase-analytics:11.4.2] AndroidManifest.xml:32:16-87
service#com.google.android.gms.measurement.AppMeasurementJobService
ADDED from [com.google.firebase:firebase-analytics:11.4.2] AndroidManifest.xml:33:7-197
	android:enabled
		ADDED from [com.google.firebase:firebase-analytics:11.4.2] AndroidManifest.xml:33:148-170
	android:exported
		ADDED from [com.google.firebase:firebase-analytics:11.4.2] AndroidManifest.xml:33:171-195
	android:permission
		ADDED from [com.google.firebase:firebase-analytics:11.4.2] AndroidManifest.xml:33:91-147
	android:name
		ADDED from [com.google.firebase:firebase-analytics:11.4.2] AndroidManifest.xml:33:16-90
uses-permission#com.google.android.c2dm.permission.RECEIVE
ADDED from [com.google.firebase:firebase-iid:11.4.2] AndroidManifest.xml:22:5-81
	android:name
		ADDED from [com.google.firebase:firebase-iid:11.4.2] AndroidManifest.xml:22:22-79
permission#${applicationId}.permission.C2D_MESSAGE
ADDED from [com.google.firebase:firebase-iid:11.4.2] AndroidManifest.xml:24:5-109
	android:protectionLevel
		ADDED from [com.google.firebase:firebase-iid:11.4.2] AndroidManifest.xml:24:72-107
	android:name
		ADDED from [com.google.firebase:firebase-iid:11.4.2] AndroidManifest.xml:24:17-71
uses-permission#${applicationId}.permission.C2D_MESSAGE
ADDED from [com.google.firebase:firebase-iid:11.4.2] AndroidManifest.xml:26:5-78
	android:name
		ADDED from [com.google.firebase:firebase-iid:11.4.2] AndroidManifest.xml:26:22-76
receiver#com.google.firebase.iid.FirebaseInstanceIdReceiver
ADDED from [com.google.firebase:firebase-iid:11.4.2] AndroidManifest.xml:30:9-35:20
	android:exported
		ADDED from [com.google.firebase:firebase-iid:11.4.2] AndroidManifest.xml:30:85-108
	android:permission
		ADDED from [com.google.firebase:firebase-iid:11.4.2] AndroidManifest.xml:30:109-169
	android:name